Arguments: 
  /usr/local/bin/node /usr/local/Cellar/yarn/1.21.1/libexec/bin/yarn.js

PATH: 
  /usr/local/bin:/usr/bin:/bin:/usr/sbin:/sbin

Yarn version: 
  1.21.1

Node version: 
  11.15.0

Platform: 
  darwin x64

Trace: 
  SyntaxError: /Users/mohitvachhani/work/scripts/localScripts/typed-graphql/package.json: Unexpected token } in JSON at position 630
      at JSON.parse (<anonymous>)
      at /usr/local/Cellar/yarn/1.21.1/libexec/lib/cli.js:1625:59
      at Generator.next (<anonymous>)
      at step (/usr/local/Cellar/yarn/1.21.1/libexec/lib/cli.js:310:30)
      at /usr/local/Cellar/yarn/1.21.1/libexec/lib/cli.js:321:13

npm manifest: 
  {
    "name": "typscript-graphql",
    "version": "1.0.0",
    "description": "",
    "main": "server.js",
    "scripts": {
      "start": "tsc && ts-node src/index.ts",
      "serve": "node dist/server.js",
      "watch-node": "nodemon dist/server.js",
      "build-ts": "tsc",
      "watch-ts": "tsc -w",
      "test": "echo \"Error: no test specified\" && exit 1"
    },
    "keywords": [
      "Tyscript",
      "Graphql",
      "node",
      "javascript"
    ],
    "devDependencies": {
      "@types/express": "^4.17.3",
      "@types/graphql": "^14.5.0",
      "@types/node": "^13.9.0",
      "nodemon": "^2.0.2",
      "ts-node": "^8.6.2",
      "typescript": "^3.8.3",
    },
    "dependencies": {
      "@typegoose/typegoose": "^6.4.0",
      "apollo-server-express": "^2.11.0",
      "class-validator": "^0.11.0",
      "express": "^4.17.1",
      "express-graphql": "^0.9.0",
      "graphql": "^14.6.0",
      "mongoose": "4.2.6",
      "reflect-metadata": "^0.1.13",
      "type-graphql": "^0.17.6"
    }
  }

yarn manifest: 
  No manifest

Lockfile: 
  No lockfile
